1605531306982	geckodriver	INFO	Listening on 127.0.0.1:42573
1605531306986	mozrunner::runner	INFO	Running command: "/usr/bin/firefox" "--marionette" "-foreground" "-no-remote" "-profile" "/tmp/rust_mozprofile9Ygd7E"
console.warn: SearchSettings: "get: No settings file exists, new profile?" (new Error("", "(unknown module)"))
1605531308486	Marionette	INFO	Listening on port 39851
1605531308519	Marionette	WARN	TLS certificate errors will be ignored for this session
1605531335453	Marionette	INFO	Stopped listening on port 39851
1605531378421	geckodriver	INFO	Listening on 127.0.0.1:50175
1605531378425	mozrunner::runner	INFO	Running command: "/usr/bin/firefox" "--marionette" "-foreground" "-no-remote" "-profile" "/tmp/rust_mozprofileWjd6ZA"
console.warn: SearchSettings: "get: No settings file exists, new profile?" (new Error("", "(unknown module)"))
1605531379870	Marionette	INFO	Listening on port 37063
1605531379948	Marionette	WARN	TLS certificate errors will be ignored for this session
1605531397546	Marionette	INFO	Stopped listening on port 37063
1605531689620	geckodriver	INFO	Listening on 127.0.0.1:47569
1605531689624	mozrunner::runner	INFO	Running command: "/usr/bin/firefox" "--marionette" "-foreground" "-no-remote" "-profile" "/tmp/rust_mozprofilem5WZYB"
console.warn: SearchSettings: "get: No settings file exists, new profile?" (new Error("", "(unknown module)"))
1605531691063	Marionette	INFO	Listening on port 40769
1605531691143	Marionette	WARN	TLS certificate errors will be ignored for this session
1605531703541	Marionette	INFO	Stopped listening on port 40769
1605531879360	geckodriver	INFO	Listening on 127.0.0.1:59665
1605531879364	mozrunner::runner	INFO	Running command: "/usr/bin/firefox" "--marionette" "-foreground" "-no-remote" "-profile" "/tmp/rust_mozprofilesdhXNo"
console.warn: SearchSettings: "get: No settings file exists, new profile?" (new Error("", "(unknown module)"))
1605531880824	Marionette	INFO	Listening on port 37019
1605531880892	Marionette	WARN	TLS certificate errors will be ignored for this session
1605531897256	geckodriver	INFO	Listening on 127.0.0.1:54583
1605531897260	mozrunner::runner	INFO	Running command: "/usr/bin/firefox" "--marionette" "-foreground" "-no-remote" "-profile" "/tmp/rust_mozprofileIl1QvT"
console.warn: SearchSettings: "get: No settings file exists, new profile?" (new Error("", "(unknown module)"))
1605531898649	Marionette	INFO	Listening on port 34503
1605531898690	Marionette	WARN	TLS certificate errors will be ignored for this session
[Child 41952, MediaDecoderStateMachine #1] WARNING: Decoder=7fe50db83c00 Decode error: NS_ERROR_DOM_MEDIA_FATAL_ERR (0x806e0005) - RefPtr<MediaSourceTrackDemuxer::SamplesPromise> mozilla::MediaSourceTrackDemuxer::DoGetSamples(int32_t): manager is detached.: file /build/firefox-YODJ7O/firefox-82.0.3+build1/dom/media/MediaDecoderStateMachine.cpp, line 3471
1605531901932	Marionette	INFO	Stopped listening on port 37019
1605531913645	geckodriver	INFO	Listening on 127.0.0.1:34795
1605531913648	mozrunner::runner	INFO	Running command: "/usr/bin/firefox" "--marionette" "-foreground" "-no-remote" "-profile" "/tmp/rust_mozprofileQWrLOo"
console.warn: SearchSettings: "get: No settings file exists, new profile?" (new Error("", "(unknown module)"))
1605531915275	Marionette	INFO	Listening on port 38677
1605531915366	Marionette	WARN	TLS certificate errors will be ignored for this session
1605531928609	geckodriver	INFO	Listening on 127.0.0.1:42103
1605531928613	mozrunner::runner	INFO	Running command: "/usr/bin/firefox" "--marionette" "-foreground" "-no-remote" "-profile" "/tmp/rust_mozprofilePgGhgp"
console.warn: SearchSettings: "get: No settings file exists, new profile?" (new Error("", "(unknown module)"))
1605531930144	Marionette	INFO	Listening on port 44147
1605531930235	Marionette	WARN	TLS certificate errors will be ignored for this session
1605531935296	Marionette	INFO	Stopped listening on port 38677
1605531944894	geckodriver	INFO	Listening on 127.0.0.1:35465
1605531944898	mozrunner::runner	INFO	Running command: "/usr/bin/firefox" "--marionette" "-foreground" "-no-remote" "-profile" "/tmp/rust_mozprofilesdwotl"
console.warn: SearchSettings: "get: No settings file exists, new profile?" (new Error("", "(unknown module)"))
1605531946337	Marionette	INFO	Listening on port 34917
1605531946433	Marionette	WARN	TLS certificate errors will be ignored for this session
1605531946701	Marionette	INFO	Stopped listening on port 44147
console.warn: LoginRecipes: "getRecipes: falling back to a synchronous message for:" "https://www.realestate.com.au"
1605532202846	geckodriver	INFO	Listening on 127.0.0.1:46923
1605532202850	mozrunner::runner	INFO	Running command: "/usr/bin/firefox" "--marionette" "-foreground" "-no-remote" "-profile" "/tmp/rust_mozprofileVHm68a"
console.warn: SearchSettings: "get: No settings file exists, new profile?" (new Error("", "(unknown module)"))
1605532204272	Marionette	INFO	Listening on port 44071
1605532204369	Marionette	WARN	TLS certificate errors will be ignored for this session
console.warn: LoginRecipes: "getRecipes: falling back to a synchronous message for:" "https://www.realestate.com.au"
1605532296472	geckodriver	INFO	Listening on 127.0.0.1:44703
1605532296476	mozrunner::runner	INFO	Running command: "/usr/bin/firefox" "--marionette" "-foreground" "-no-remote" "-profile" "/tmp/rust_mozprofileb4IaHr"
console.warn: SearchSettings: "get: No settings file exists, new profile?" (new Error("", "(unknown module)"))
1605532297847	Marionette	INFO	Listening on port 37509
1605532297895	Marionette	WARN	TLS certificate errors will be ignored for this session
1605532310597	Marionette	INFO	Stopped listening on port 37509
1605532346041	geckodriver	INFO	Listening on 127.0.0.1:57799
1605532346043	mozrunner::runner	INFO	Running command: "/usr/bin/firefox" "--marionette" "-foreground" "-no-remote" "-profile" "/tmp/rust_mozprofileLyFRjD"
console.warn: SearchSettings: "get: No settings file exists, new profile?" (new Error("", "(unknown module)"))
1605532347524	Marionette	INFO	Listening on port 44437
1605532347571	Marionette	WARN	TLS certificate errors will be ignored for this session
1605532360852	Marionette	INFO	Stopped listening on port 44437
1605532363421	geckodriver	INFO	Listening on 127.0.0.1:56273
1605532363425	mozrunner::runner	INFO	Running command: "/usr/bin/firefox" "--marionette" "-foreground" "-no-remote" "-profile" "/tmp/rust_mozprofileMwyACJ"
console.warn: SearchSettings: "get: No settings file exists, new profile?" (new Error("", "(unknown module)"))
1605532364892	Marionette	INFO	Listening on port 41751
1605532364946	Marionette	WARN	TLS certificate errors will be ignored for this session
1605532433539	Marionette	INFO	Stopped listening on port 41751
1605532435782	geckodriver	INFO	Listening on 127.0.0.1:59659
1605532435785	mozrunner::runner	INFO	Running command: "/usr/bin/firefox" "--marionette" "-foreground" "-no-remote" "-profile" "/tmp/rust_mozprofileq9zlRY"
console.warn: SearchSettings: "get: No settings file exists, new profile?" (new Error("", "(unknown module)"))
1605532437178	Marionette	INFO	Listening on port 38077
1605532437202	Marionette	WARN	TLS certificate errors will be ignored for this session
SourceActor threw an exception: [Exception... "Component returned failure code: 0x80470002 (NS_BASE_STREAM_CLOSED) [nsIInputStream.available]"  nsresult: "0x80470002 (NS_BASE_STREAM_CLOSED)"  location: "JS frame :: resource://devtools/shared/DevToolsUtils.js :: onResponse :: line 567"  data: no]
Stack: onResponse@resource://devtools/shared/DevToolsUtils.js:567:34
onStopRequest@resource://gre/modules/NetUtil.jsm:128:18
Line: 567, column: 0
console.error: ({})
JavaScript error: resource://devtools/shared/DevToolsUtils.js, line 567: NS_BASE_STREAM_CLOSED: Component returned failure code: 0x80470002 (NS_BASE_STREAM_CLOSED) [nsIInputStream.available]
1605532539438	geckodriver	INFO	Listening on 127.0.0.1:41823
1605532539442	mozrunner::runner	INFO	Running command: "/usr/bin/firefox" "--marionette" "-foreground" "-no-remote" "-profile" "/tmp/rust_mozprofilepLAXMD"
console.warn: SearchSettings: "get: No settings file exists, new profile?" (new Error("", "(unknown module)"))
1605532540892	Marionette	INFO	Listening on port 39507
1605532540963	Marionette	WARN	TLS certificate errors will be ignored for this session
1605532755945	geckodriver	INFO	Listening on 127.0.0.1:33713
1605532755949	mozrunner::runner	INFO	Running command: "/usr/bin/firefox" "--marionette" "-foreground" "-no-remote" "-profile" "/tmp/rust_mozprofileo3Oui4"
console.warn: SearchSettings: "get: No settings file exists, new profile?" (new Error("", "(unknown module)"))
1605532757502	Marionette	INFO	Listening on port 39711
1605532757575	Marionette	WARN	TLS certificate errors will be ignored for this session
1605532912326	geckodriver	INFO	Listening on 127.0.0.1:49455
1605532912334	mozrunner::runner	INFO	Running command: "/usr/bin/firefox" "--marionette" "-foreground" "-no-remote" "-profile" "/tmp/rust_mozprofileFQksvO"
console.warn: SearchSettings: "get: No settings file exists, new profile?" (new Error("", "(unknown module)"))
1605532913689	Marionette	INFO	Listening on port 34557
1605532913751	Marionette	WARN	TLS certificate errors will be ignored for this session
Gdk-Message: 23:53:17.492: firefox: Fatal IO error 11 (Resource temporarily unavailable) on X server :1.

Gdk-Message: 23:53:17.493: firefox: Fatal IO error 11 (Resource temporarily unavailable) on X server :1.

Gdk-Message: 23:53:17.494: firefox: Fatal IO error 11 (Resource temporarily unavailable) on X server :1.

Gdk-Message: 23:53:17.495: firefox: Fatal IO error 11 (Resource temporarily unavailable) on X server :1.

Gdk-Message: 23:53:17.495: firefox: Fatal IO error 0 (Success) on X server :1.

Gdk-Message: 23:53:17.496: firefox: Fatal IO error 11 (Resource temporarily unavailable) on X server :1.

Gdk-Message: 23:53:17.497: firefox: Fatal IO error 0 (Success) on X server :1.

Exiting due to channel error.
Exiting due to channel error.
Exiting due to channel error.
Exiting due to channel error.
Exiting due to channel error.
Exiting due to channel error.
Exiting due to channel error.
Exiting due to channel error.
Exiting due to channel error.
Exiting due to channel error.
Exiting due to channel error.
Exiting due to channel error.
Exiting due to channel error.
Exiting due to channel error.
Exiting due to channel error.
Exiting due to channel error.
Exiting due to channel error.
Exiting due to channel error.
Exiting due to channel error.
Exiting due to channel error.
Exiting due to channel error.
Exiting due to channel error.
1605570615733	geckodriver	INFO	Listening on 127.0.0.1:54951
1605570616734	mozrunner::runner	INFO	Running command: "/usr/bin/firefox" "--marionette" "-foreground" "-no-remote" "-profile" "/tmp/rust_mozprofileSNi0sS"
console.warn: SearchSettings: "get: No settings file exists, new profile?" (new Error("", "(unknown module)"))
1605570618108	Marionette	INFO	Listening on port 34157
1605570618155	Marionette	WARN	TLS certificate errors will be ignored for this session
1605570821146	geckodriver	INFO	Listening on 127.0.0.1:48043
1605570821154	mozrunner::runner	INFO	Running command: "/usr/bin/firefox" "--marionette" "-foreground" "-no-remote" "-profile" "/tmp/rust_mozprofileTYImGq"
console.warn: SearchSettings: "get: No settings file exists, new profile?" (new Error("", "(unknown module)"))
1605570822534	Marionette	INFO	Listening on port 40777
1605570822577	Marionette	WARN	TLS certificate errors will be ignored for this session
1605570829546	Marionette	INFO	Stopped listening on port 40777
1605570860312	geckodriver	INFO	Listening on 127.0.0.1:43053
1605570862103	mozrunner::runner	INFO	Running command: "/usr/bin/firefox" "--marionette" "-foreground" "-no-remote" "-profile" "/tmp/rust_mozprofilenDoK7w"
console.warn: SearchSettings: "get: No settings file exists, new profile?" (new Error("", "(unknown module)"))
1605570863396	Marionette	INFO	Listening on port 46805
1605570863428	Marionette	WARN	TLS certificate errors will be ignored for this session
